  gfxProject.cpp
c:\users\m_hege\downloads\team8-gfx-project-anm-shadow-test\team8-gfx-project-anm-shadow-test\gfxproject team 9 section cc\gfxproject.cpp(1181): warning C4244: '=': conversion from 'double' to 'float', possible loss of data
c:\users\m_hege\downloads\team8-gfx-project-anm-shadow-test\team8-gfx-project-anm-shadow-test\gfxproject team 9 section cc\gfxproject.cpp(1182): warning C4244: '=': conversion from 'double' to 'float', possible loss of data
c:\users\m_hege\downloads\team8-gfx-project-anm-shadow-test\team8-gfx-project-anm-shadow-test\gfxproject team 9 section cc\gfxproject.cpp(1184): warning C4244: '=': conversion from 'double' to 'float', possible loss of data
c:\users\m_hege\downloads\team8-gfx-project-anm-shadow-test\team8-gfx-project-anm-shadow-test\gfxproject team 9 section cc\gfxproject.cpp(1185): warning C4244: '=': conversion from 'double' to 'float', possible loss of data
c:\users\m_hege\downloads\team8-gfx-project-anm-shadow-test\team8-gfx-project-anm-shadow-test\gfxproject team 9 section cc\gfxproject.cpp(1743): warning C4244: 'initializing': conversion from 'double' to 'float', possible loss of data
c:\users\m_hege\downloads\team8-gfx-project-anm-shadow-test\team8-gfx-project-anm-shadow-test\gfxproject team 9 section cc\gfxproject.cpp(1821): warning C4244: 'initializing': conversion from 'double' to 'float', possible loss of data
c:\users\m_hege\downloads\team8-gfx-project-anm-shadow-test\team8-gfx-project-anm-shadow-test\gfxproject team 9 section cc\gfxproject.cpp(2144): warning C4244: '-=': conversion from 'double' to 'float', possible loss of data
c:\users\m_hege\downloads\team8-gfx-project-anm-shadow-test\team8-gfx-project-anm-shadow-test\gfxproject team 9 section cc\gfxproject.cpp(2145): warning C4244: '-=': conversion from 'double' to 'float', possible loss of data
c:\users\m_hege\downloads\team8-gfx-project-anm-shadow-test\team8-gfx-project-anm-shadow-test\gfxproject team 9 section cc\gfxproject.cpp(2204): warning C4305: '+=': truncation from 'double' to 'float'
c:\users\m_hege\downloads\team8-gfx-project-anm-shadow-test\team8-gfx-project-anm-shadow-test\gfxproject team 9 section cc\gfxproject.cpp(2207): warning C4305: '+=': truncation from 'double' to 'float'
c:\users\m_hege\downloads\team8-gfx-project-anm-shadow-test\team8-gfx-project-anm-shadow-test\gfxproject team 9 section cc\gfxproject.cpp(2210): warning C4305: '+=': truncation from 'double' to 'float'
c:\users\m_hege\downloads\team8-gfx-project-anm-shadow-test\team8-gfx-project-anm-shadow-test\gfxproject team 9 section cc\gfxproject.cpp(2213): warning C4305: '+=': truncation from 'double' to 'float'
c:\users\m_hege\downloads\team8-gfx-project-anm-shadow-test\team8-gfx-project-anm-shadow-test\gfxproject team 9 section cc\gfxproject.cpp(2216): warning C4305: '+=': truncation from 'double' to 'float'
c:\users\m_hege\downloads\team8-gfx-project-anm-shadow-test\team8-gfx-project-anm-shadow-test\gfxproject team 9 section cc\gfxproject.cpp(2223): warning C4305: '-=': truncation from 'double' to 'float'
c:\users\m_hege\downloads\team8-gfx-project-anm-shadow-test\team8-gfx-project-anm-shadow-test\gfxproject team 9 section cc\gfxproject.cpp(2226): warning C4305: '-=': truncation from 'double' to 'float'
c:\users\m_hege\downloads\team8-gfx-project-anm-shadow-test\team8-gfx-project-anm-shadow-test\gfxproject team 9 section cc\gfxproject.cpp(2229): warning C4305: '-=': truncation from 'double' to 'float'
c:\users\m_hege\downloads\team8-gfx-project-anm-shadow-test\team8-gfx-project-anm-shadow-test\gfxproject team 9 section cc\gfxproject.cpp(2232): warning C4305: '-=': truncation from 'double' to 'float'
c:\users\m_hege\downloads\team8-gfx-project-anm-shadow-test\team8-gfx-project-anm-shadow-test\gfxproject team 9 section cc\gfxproject.cpp(2235): warning C4305: '-=': truncation from 'double' to 'float'
c:\users\m_hege\downloads\team8-gfx-project-anm-shadow-test\team8-gfx-project-anm-shadow-test\gfxproject team 9 section cc\gfxproject.cpp(2242): warning C4305: '-=': truncation from 'double' to 'float'
c:\users\m_hege\downloads\team8-gfx-project-anm-shadow-test\team8-gfx-project-anm-shadow-test\gfxproject team 9 section cc\gfxproject.cpp(2245): warning C4305: '-=': truncation from 'double' to 'float'
c:\users\m_hege\downloads\team8-gfx-project-anm-shadow-test\team8-gfx-project-anm-shadow-test\gfxproject team 9 section cc\gfxproject.cpp(2248): warning C4305: '-=': truncation from 'double' to 'float'
c:\users\m_hege\downloads\team8-gfx-project-anm-shadow-test\team8-gfx-project-anm-shadow-test\gfxproject team 9 section cc\gfxproject.cpp(2251): warning C4305: '-=': truncation from 'double' to 'float'
c:\users\m_hege\downloads\team8-gfx-project-anm-shadow-test\team8-gfx-project-anm-shadow-test\gfxproject team 9 section cc\gfxproject.cpp(2254): warning C4305: '-=': truncation from 'double' to 'float'
c:\users\m_hege\downloads\team8-gfx-project-anm-shadow-test\team8-gfx-project-anm-shadow-test\gfxproject team 9 section cc\gfxproject.cpp(2261): warning C4305: '+=': truncation from 'double' to 'float'
c:\users\m_hege\downloads\team8-gfx-project-anm-shadow-test\team8-gfx-project-anm-shadow-test\gfxproject team 9 section cc\gfxproject.cpp(2264): warning C4305: '+=': truncation from 'double' to 'float'
c:\users\m_hege\downloads\team8-gfx-project-anm-shadow-test\team8-gfx-project-anm-shadow-test\gfxproject team 9 section cc\gfxproject.cpp(2267): warning C4305: '+=': truncation from 'double' to 'float'
c:\users\m_hege\downloads\team8-gfx-project-anm-shadow-test\team8-gfx-project-anm-shadow-test\gfxproject team 9 section cc\gfxproject.cpp(2270): warning C4305: '+=': truncation from 'double' to 'float'
c:\users\m_hege\downloads\team8-gfx-project-anm-shadow-test\team8-gfx-project-anm-shadow-test\gfxproject team 9 section cc\gfxproject.cpp(2273): warning C4305: '+=': truncation from 'double' to 'float'
c:\users\m_hege\downloads\team8-gfx-project-anm-shadow-test\team8-gfx-project-anm-shadow-test\gfxproject team 9 section cc\gfxproject.cpp(2280): warning C4305: '+=': truncation from 'double' to 'float'
c:\users\m_hege\downloads\team8-gfx-project-anm-shadow-test\team8-gfx-project-anm-shadow-test\gfxproject team 9 section cc\gfxproject.cpp(2283): warning C4305: '+=': truncation from 'double' to 'float'
c:\users\m_hege\downloads\team8-gfx-project-anm-shadow-test\team8-gfx-project-anm-shadow-test\gfxproject team 9 section cc\gfxproject.cpp(2286): warning C4305: '+=': truncation from 'double' to 'float'
c:\users\m_hege\downloads\team8-gfx-project-anm-shadow-test\team8-gfx-project-anm-shadow-test\gfxproject team 9 section cc\gfxproject.cpp(2289): warning C4305: '+=': truncation from 'double' to 'float'
c:\users\m_hege\downloads\team8-gfx-project-anm-shadow-test\team8-gfx-project-anm-shadow-test\gfxproject team 9 section cc\gfxproject.cpp(2292): warning C4305: '+=': truncation from 'double' to 'float'
c:\users\m_hege\downloads\team8-gfx-project-anm-shadow-test\team8-gfx-project-anm-shadow-test\gfxproject team 9 section cc\gfxproject.cpp(2299): warning C4305: '-=': truncation from 'double' to 'float'
c:\users\m_hege\downloads\team8-gfx-project-anm-shadow-test\team8-gfx-project-anm-shadow-test\gfxproject team 9 section cc\gfxproject.cpp(2302): warning C4305: '-=': truncation from 'double' to 'float'
c:\users\m_hege\downloads\team8-gfx-project-anm-shadow-test\team8-gfx-project-anm-shadow-test\gfxproject team 9 section cc\gfxproject.cpp(2305): warning C4305: '-=': truncation from 'double' to 'float'
c:\users\m_hege\downloads\team8-gfx-project-anm-shadow-test\team8-gfx-project-anm-shadow-test\gfxproject team 9 section cc\gfxproject.cpp(2308): warning C4305: '-=': truncation from 'double' to 'float'
c:\users\m_hege\downloads\team8-gfx-project-anm-shadow-test\team8-gfx-project-anm-shadow-test\gfxproject team 9 section cc\gfxproject.cpp(2311): warning C4305: '-=': truncation from 'double' to 'float'
c:\users\m_hege\downloads\team8-gfx-project-anm-shadow-test\team8-gfx-project-anm-shadow-test\gfxproject team 9 section cc\gfxproject.cpp(2612): warning C4244: 'initializing': conversion from 'int' to 'float', possible loss of data
c:\users\m_hege\downloads\team8-gfx-project-anm-shadow-test\team8-gfx-project-anm-shadow-test\gfxproject team 9 section cc\gfxproject.cpp(2613): warning C4244: 'initializing': conversion from 'int' to 'float', possible loss of data
c:\users\m_hege\downloads\team8-gfx-project-anm-shadow-test\team8-gfx-project-anm-shadow-test\gfxproject team 9 section cc\gfxproject.cpp(2622): warning C4244: 'initializing': conversion from 'int' to 'float', possible loss of data
c:\users\m_hege\downloads\team8-gfx-project-anm-shadow-test\team8-gfx-project-anm-shadow-test\gfxproject team 9 section cc\gfxproject.cpp(2623): warning C4244: 'initializing': conversion from 'int' to 'float', possible loss of data
c:\users\m_hege\downloads\team8-gfx-project-anm-shadow-test\team8-gfx-project-anm-shadow-test\gfxproject team 9 section cc\gfxproject.cpp(2631): warning C4244: 'initializing': conversion from 'int' to 'float', possible loss of data
c:\users\m_hege\downloads\team8-gfx-project-anm-shadow-test\team8-gfx-project-anm-shadow-test\gfxproject team 9 section cc\gfxproject.cpp(2632): warning C4244: 'initializing': conversion from 'int' to 'float', possible loss of data
c:\users\m_hege\downloads\team8-gfx-project-anm-shadow-test\team8-gfx-project-anm-shadow-test\gfxproject team 9 section cc\gfxproject.cpp(2640): warning C4244: 'initializing': conversion from 'int' to 'float', possible loss of data
c:\users\m_hege\downloads\team8-gfx-project-anm-shadow-test\team8-gfx-project-anm-shadow-test\gfxproject team 9 section cc\gfxproject.cpp(2641): warning C4244: 'initializing': conversion from 'int' to 'float', possible loss of data
c:\users\m_hege\downloads\team8-gfx-project-anm-shadow-test\team8-gfx-project-anm-shadow-test\gfxproject team 9 section cc\gfxproject.cpp(2649): warning C4244: 'initializing': conversion from 'int' to 'float', possible loss of data
c:\users\m_hege\downloads\team8-gfx-project-anm-shadow-test\team8-gfx-project-anm-shadow-test\gfxproject team 9 section cc\gfxproject.cpp(2650): warning C4244: 'initializing': conversion from 'int' to 'float', possible loss of data
c:\users\m_hege\downloads\team8-gfx-project-anm-shadow-test\team8-gfx-project-anm-shadow-test\gfxproject team 9 section cc\gfxproject.cpp(2579): warning C4996: '_sleep': This function or variable has been superceded by newer library or operating system functionality. Consider using Sleep instead. See online help for details.
  c:\program files (x86)\windows kits\10\include\10.0.16299.0\ucrt\stdlib.h(1282): note: see declaration of '_sleep'
c:\users\m_hege\downloads\team8-gfx-project-anm-shadow-test\team8-gfx-project-anm-shadow-test\gfxproject team 9 section cc\gfxproject.cpp(2593): warning C4996: '_sleep': This function or variable has been superceded by newer library or operating system functionality. Consider using Sleep instead. See online help for details.
  c:\program files (x86)\windows kits\10\include\10.0.16299.0\ucrt\stdlib.h(1282): note: see declaration of '_sleep'
c:\users\m_hege\downloads\team8-gfx-project-anm-shadow-test\team8-gfx-project-anm-shadow-test\gfxproject team 9 section cc\gfxproject.cpp(2614): warning C4996: '_sleep': This function or variable has been superceded by newer library or operating system functionality. Consider using Sleep instead. See online help for details.
  c:\program files (x86)\windows kits\10\include\10.0.16299.0\ucrt\stdlib.h(1282): note: see declaration of '_sleep'
c:\users\m_hege\downloads\team8-gfx-project-anm-shadow-test\team8-gfx-project-anm-shadow-test\gfxproject team 9 section cc\gfxproject.cpp(2624): warning C4996: '_sleep': This function or variable has been superceded by newer library or operating system functionality. Consider using Sleep instead. See online help for details.
  c:\program files (x86)\windows kits\10\include\10.0.16299.0\ucrt\stdlib.h(1282): note: see declaration of '_sleep'
c:\users\m_hege\downloads\team8-gfx-project-anm-shadow-test\team8-gfx-project-anm-shadow-test\gfxproject team 9 section cc\gfxproject.cpp(2633): warning C4996: '_sleep': This function or variable has been superceded by newer library or operating system functionality. Consider using Sleep instead. See online help for details.
  c:\program files (x86)\windows kits\10\include\10.0.16299.0\ucrt\stdlib.h(1282): note: see declaration of '_sleep'
c:\users\m_hege\downloads\team8-gfx-project-anm-shadow-test\team8-gfx-project-anm-shadow-test\gfxproject team 9 section cc\gfxproject.cpp(2642): warning C4996: '_sleep': This function or variable has been superceded by newer library or operating system functionality. Consider using Sleep instead. See online help for details.
  c:\program files (x86)\windows kits\10\include\10.0.16299.0\ucrt\stdlib.h(1282): note: see declaration of '_sleep'
c:\users\m_hege\downloads\team8-gfx-project-anm-shadow-test\team8-gfx-project-anm-shadow-test\gfxproject team 9 section cc\gfxproject.cpp(2651): warning C4996: '_sleep': This function or variable has been superceded by newer library or operating system functionality. Consider using Sleep instead. See online help for details.
  c:\program files (x86)\windows kits\10\include\10.0.16299.0\ucrt\stdlib.h(1282): note: see declaration of '_sleep'
c:\users\m_hege\downloads\team8-gfx-project-anm-shadow-test\team8-gfx-project-anm-shadow-test\gfxproject team 9 section cc\gfxproject.cpp(2658): warning C4996: '_sleep': This function or variable has been superceded by newer library or operating system functionality. Consider using Sleep instead. See online help for details.
  c:\program files (x86)\windows kits\10\include\10.0.16299.0\ucrt\stdlib.h(1282): note: see declaration of '_sleep'
c:\users\m_hege\downloads\team8-gfx-project-anm-shadow-test\team8-gfx-project-anm-shadow-test\gfxproject team 9 section cc\gfxproject.cpp(2665): warning C4996: '_sleep': This function or variable has been superceded by newer library or operating system functionality. Consider using Sleep instead. See online help for details.
  c:\program files (x86)\windows kits\10\include\10.0.16299.0\ucrt\stdlib.h(1282): note: see declaration of '_sleep'
c:\users\m_hege\downloads\team8-gfx-project-anm-shadow-test\team8-gfx-project-anm-shadow-test\gfxproject team 9 section cc\gfxproject.cpp(2672): warning C4996: '_sleep': This function or variable has been superceded by newer library or operating system functionality. Consider using Sleep instead. See online help for details.
  c:\program files (x86)\windows kits\10\include\10.0.16299.0\ucrt\stdlib.h(1282): note: see declaration of '_sleep'
c:\users\m_hege\downloads\team8-gfx-project-anm-shadow-test\team8-gfx-project-anm-shadow-test\gfxproject team 9 section cc\gfxproject.cpp(2679): warning C4996: '_sleep': This function or variable has been superceded by newer library or operating system functionality. Consider using Sleep instead. See online help for details.
  c:\program files (x86)\windows kits\10\include\10.0.16299.0\ucrt\stdlib.h(1282): note: see declaration of '_sleep'
c:\users\m_hege\downloads\team8-gfx-project-anm-shadow-test\team8-gfx-project-anm-shadow-test\gfxproject team 9 section cc\gfxproject.cpp(2687): warning C4996: '_sleep': This function or variable has been superceded by newer library or operating system functionality. Consider using Sleep instead. See online help for details.
  c:\program files (x86)\windows kits\10\include\10.0.16299.0\ucrt\stdlib.h(1282): note: see declaration of '_sleep'
c:\users\m_hege\downloads\team8-gfx-project-anm-shadow-test\team8-gfx-project-anm-shadow-test\gfxproject team 9 section cc\gfxproject.cpp(2694): warning C4996: '_sleep': This function or variable has been superceded by newer library or operating system functionality. Consider using Sleep instead. See online help for details.
  c:\program files (x86)\windows kits\10\include\10.0.16299.0\ucrt\stdlib.h(1282): note: see declaration of '_sleep'
c:\users\m_hege\downloads\team8-gfx-project-anm-shadow-test\team8-gfx-project-anm-shadow-test\gfxproject team 9 section cc\gfxproject.cpp(2701): warning C4996: '_sleep': This function or variable has been superceded by newer library or operating system functionality. Consider using Sleep instead. See online help for details.
  c:\program files (x86)\windows kits\10\include\10.0.16299.0\ucrt\stdlib.h(1282): note: see declaration of '_sleep'
c:\users\m_hege\downloads\team8-gfx-project-anm-shadow-test\team8-gfx-project-anm-shadow-test\gfxproject team 9 section cc\gfxproject.cpp(2708): warning C4996: '_sleep': This function or variable has been superceded by newer library or operating system functionality. Consider using Sleep instead. See online help for details.
  c:\program files (x86)\windows kits\10\include\10.0.16299.0\ucrt\stdlib.h(1282): note: see declaration of '_sleep'
c:\users\m_hege\downloads\team8-gfx-project-anm-shadow-test\team8-gfx-project-anm-shadow-test\gfxproject team 9 section cc\gfxproject.cpp(2716): warning C4996: '_sleep': This function or variable has been superceded by newer library or operating system functionality. Consider using Sleep instead. See online help for details.
  c:\program files (x86)\windows kits\10\include\10.0.16299.0\ucrt\stdlib.h(1282): note: see declaration of '_sleep'
c:\users\m_hege\downloads\team8-gfx-project-anm-shadow-test\team8-gfx-project-anm-shadow-test\gfxproject team 9 section cc\gfxproject.cpp(2723): warning C4996: '_sleep': This function or variable has been superceded by newer library or operating system functionality. Consider using Sleep instead. See online help for details.
  c:\program files (x86)\windows kits\10\include\10.0.16299.0\ucrt\stdlib.h(1282): note: see declaration of '_sleep'
c:\users\m_hege\downloads\team8-gfx-project-anm-shadow-test\team8-gfx-project-anm-shadow-test\gfxproject team 9 section cc\gfxproject.cpp(2730): warning C4996: '_sleep': This function or variable has been superceded by newer library or operating system functionality. Consider using Sleep instead. See online help for details.
  c:\program files (x86)\windows kits\10\include\10.0.16299.0\ucrt\stdlib.h(1282): note: see declaration of '_sleep'
c:\users\m_hege\downloads\team8-gfx-project-anm-shadow-test\team8-gfx-project-anm-shadow-test\gfxproject team 9 section cc\gfxproject.cpp(2738): warning C4996: '_sleep': This function or variable has been superceded by newer library or operating system functionality. Consider using Sleep instead. See online help for details.
  c:\program files (x86)\windows kits\10\include\10.0.16299.0\ucrt\stdlib.h(1282): note: see declaration of '_sleep'
c:\users\m_hege\downloads\team8-gfx-project-anm-shadow-test\team8-gfx-project-anm-shadow-test\gfxproject team 9 section cc\gfxproject.cpp(2746): warning C4996: '_sleep': This function or variable has been superceded by newer library or operating system functionality. Consider using Sleep instead. See online help for details.
  c:\program files (x86)\windows kits\10\include\10.0.16299.0\ucrt\stdlib.h(1282): note: see declaration of '_sleep'
c:\users\m_hege\downloads\team8-gfx-project-anm-shadow-test\team8-gfx-project-anm-shadow-test\gfxproject team 9 section cc\gfxproject.cpp(2753): warning C4996: '_sleep': This function or variable has been superceded by newer library or operating system functionality. Consider using Sleep instead. See online help for details.
  c:\program files (x86)\windows kits\10\include\10.0.16299.0\ucrt\stdlib.h(1282): note: see declaration of '_sleep'
c:\users\m_hege\downloads\team8-gfx-project-anm-shadow-test\team8-gfx-project-anm-shadow-test\gfxproject team 9 section cc\gfxproject.cpp(2760): warning C4996: '_sleep': This function or variable has been superceded by newer library or operating system functionality. Consider using Sleep instead. See online help for details.
  c:\program files (x86)\windows kits\10\include\10.0.16299.0\ucrt\stdlib.h(1282): note: see declaration of '_sleep'
c:\users\m_hege\downloads\team8-gfx-project-anm-shadow-test\team8-gfx-project-anm-shadow-test\gfxproject team 9 section cc\gfxproject.cpp(2767): warning C4996: '_sleep': This function or variable has been superceded by newer library or operating system functionality. Consider using Sleep instead. See online help for details.
  c:\program files (x86)\windows kits\10\include\10.0.16299.0\ucrt\stdlib.h(1282): note: see declaration of '_sleep'
c:\users\m_hege\downloads\team8-gfx-project-anm-shadow-test\team8-gfx-project-anm-shadow-test\gfxproject team 9 section cc\gfxproject.cpp(2775): warning C4996: '_sleep': This function or variable has been superceded by newer library or operating system functionality. Consider using Sleep instead. See online help for details.
  c:\program files (x86)\windows kits\10\include\10.0.16299.0\ucrt\stdlib.h(1282): note: see declaration of '_sleep'
c:\users\m_hege\downloads\team8-gfx-project-anm-shadow-test\team8-gfx-project-anm-shadow-test\gfxproject team 9 section cc\gfxproject.cpp(2782): warning C4996: '_sleep': This function or variable has been superceded by newer library or operating system functionality. Consider using Sleep instead. See online help for details.
  c:\program files (x86)\windows kits\10\include\10.0.16299.0\ucrt\stdlib.h(1282): note: see declaration of '_sleep'
c:\users\m_hege\downloads\team8-gfx-project-anm-shadow-test\team8-gfx-project-anm-shadow-test\gfxproject team 9 section cc\gfxproject.cpp(2789): warning C4996: '_sleep': This function or variable has been superceded by newer library or operating system functionality. Consider using Sleep instead. See online help for details.
  c:\program files (x86)\windows kits\10\include\10.0.16299.0\ucrt\stdlib.h(1282): note: see declaration of '_sleep'
c:\users\m_hege\downloads\team8-gfx-project-anm-shadow-test\team8-gfx-project-anm-shadow-test\gfxproject team 9 section cc\gfxproject.cpp(2796): warning C4996: '_sleep': This function or variable has been superceded by newer library or operating system functionality. Consider using Sleep instead. See online help for details.
  c:\program files (x86)\windows kits\10\include\10.0.16299.0\ucrt\stdlib.h(1282): note: see declaration of '_sleep'
c:\users\m_hege\downloads\team8-gfx-project-anm-shadow-test\team8-gfx-project-anm-shadow-test\gfxproject team 9 section cc\gfxproject.cpp(2807): warning C4996: '_sleep': This function or variable has been superceded by newer library or operating system functionality. Consider using Sleep instead. See online help for details.
  c:\program files (x86)\windows kits\10\include\10.0.16299.0\ucrt\stdlib.h(1282): note: see declaration of '_sleep'
c:\users\m_hege\downloads\team8-gfx-project-anm-shadow-test\team8-gfx-project-anm-shadow-test\gfxproject team 9 section cc\gfxproject.cpp(2813): warning C4996: '_sleep': This function or variable has been superceded by newer library or operating system functionality. Consider using Sleep instead. See online help for details.
  c:\program files (x86)\windows kits\10\include\10.0.16299.0\ucrt\stdlib.h(1282): note: see declaration of '_sleep'
c:\users\m_hege\downloads\team8-gfx-project-anm-shadow-test\team8-gfx-project-anm-shadow-test\gfxproject team 9 section cc\gfxproject.cpp(2818): warning C4996: '_sleep': This function or variable has been superceded by newer library or operating system functionality. Consider using Sleep instead. See online help for details.
  c:\program files (x86)\windows kits\10\include\10.0.16299.0\ucrt\stdlib.h(1282): note: see declaration of '_sleep'
c:\users\m_hege\downloads\team8-gfx-project-anm-shadow-test\team8-gfx-project-anm-shadow-test\gfxproject team 9 section cc\gfxproject.cpp(2823): warning C4996: '_sleep': This function or variable has been superceded by newer library or operating system functionality. Consider using Sleep instead. See online help for details.
  c:\program files (x86)\windows kits\10\include\10.0.16299.0\ucrt\stdlib.h(1282): note: see declaration of '_sleep'
c:\users\m_hege\downloads\team8-gfx-project-anm-shadow-test\team8-gfx-project-anm-shadow-test\gfxproject team 9 section cc\gfxproject.cpp(2828): warning C4996: '_sleep': This function or variable has been superceded by newer library or operating system functionality. Consider using Sleep instead. See online help for details.
  c:\program files (x86)\windows kits\10\include\10.0.16299.0\ucrt\stdlib.h(1282): note: see declaration of '_sleep'
c:\users\m_hege\downloads\team8-gfx-project-anm-shadow-test\team8-gfx-project-anm-shadow-test\gfxproject team 9 section cc\gfxproject.cpp(2838): warning C4996: '_sleep': This function or variable has been superceded by newer library or operating system functionality. Consider using Sleep instead. See online help for details.
  c:\program files (x86)\windows kits\10\include\10.0.16299.0\ucrt\stdlib.h(1282): note: see declaration of '_sleep'
c:\users\m_hege\downloads\team8-gfx-project-anm-shadow-test\team8-gfx-project-anm-shadow-test\gfxproject team 9 section cc\gfxproject.cpp(2843): warning C4996: '_sleep': This function or variable has been superceded by newer library or operating system functionality. Consider using Sleep instead. See online help for details.
  c:\program files (x86)\windows kits\10\include\10.0.16299.0\ucrt\stdlib.h(1282): note: see declaration of '_sleep'
c:\users\m_hege\downloads\team8-gfx-project-anm-shadow-test\team8-gfx-project-anm-shadow-test\gfxproject team 9 section cc\gfxproject.cpp(2848): warning C4996: '_sleep': This function or variable has been superceded by newer library or operating system functionality. Consider using Sleep instead. See online help for details.
  c:\program files (x86)\windows kits\10\include\10.0.16299.0\ucrt\stdlib.h(1282): note: see declaration of '_sleep'
c:\users\m_hege\downloads\team8-gfx-project-anm-shadow-test\team8-gfx-project-anm-shadow-test\gfxproject team 9 section cc\gfxproject.cpp(2853): warning C4996: '_sleep': This function or variable has been superceded by newer library or operating system functionality. Consider using Sleep instead. See online help for details.
  c:\program files (x86)\windows kits\10\include\10.0.16299.0\ucrt\stdlib.h(1282): note: see declaration of '_sleep'
c:\users\m_hege\downloads\team8-gfx-project-anm-shadow-test\team8-gfx-project-anm-shadow-test\gfxproject team 9 section cc\gfxproject.cpp(2858): warning C4996: '_sleep': This function or variable has been superceded by newer library or operating system functionality. Consider using Sleep instead. See online help for details.
  c:\program files (x86)\windows kits\10\include\10.0.16299.0\ucrt\stdlib.h(1282): note: see declaration of '_sleep'
c:\users\m_hege\downloads\team8-gfx-project-anm-shadow-test\team8-gfx-project-anm-shadow-test\gfxproject team 9 section cc\gfxproject.cpp(2868): warning C4996: '_sleep': This function or variable has been superceded by newer library or operating system functionality. Consider using Sleep instead. See online help for details.
  c:\program files (x86)\windows kits\10\include\10.0.16299.0\ucrt\stdlib.h(1282): note: see declaration of '_sleep'
c:\users\m_hege\downloads\team8-gfx-project-anm-shadow-test\team8-gfx-project-anm-shadow-test\gfxproject team 9 section cc\gfxproject.cpp(2873): warning C4996: '_sleep': This function or variable has been superceded by newer library or operating system functionality. Consider using Sleep instead. See online help for details.
  c:\program files (x86)\windows kits\10\include\10.0.16299.0\ucrt\stdlib.h(1282): note: see declaration of '_sleep'
c:\users\m_hege\downloads\team8-gfx-project-anm-shadow-test\team8-gfx-project-anm-shadow-test\gfxproject team 9 section cc\gfxproject.cpp(2878): warning C4996: '_sleep': This function or variable has been superceded by newer library or operating system functionality. Consider using Sleep instead. See online help for details.
  c:\program files (x86)\windows kits\10\include\10.0.16299.0\ucrt\stdlib.h(1282): note: see declaration of '_sleep'
c:\users\m_hege\downloads\team8-gfx-project-anm-shadow-test\team8-gfx-project-anm-shadow-test\gfxproject team 9 section cc\gfxproject.cpp(2883): warning C4996: '_sleep': This function or variable has been superceded by newer library or operating system functionality. Consider using Sleep instead. See online help for details.
  c:\program files (x86)\windows kits\10\include\10.0.16299.0\ucrt\stdlib.h(1282): note: see declaration of '_sleep'
c:\users\m_hege\downloads\team8-gfx-project-anm-shadow-test\team8-gfx-project-anm-shadow-test\gfxproject team 9 section cc\gfxproject.cpp(2888): warning C4996: '_sleep': This function or variable has been superceded by newer library or operating system functionality. Consider using Sleep instead. See online help for details.
  c:\program files (x86)\windows kits\10\include\10.0.16299.0\ucrt\stdlib.h(1282): note: see declaration of '_sleep'
c:\users\m_hege\downloads\team8-gfx-project-anm-shadow-test\team8-gfx-project-anm-shadow-test\gfxproject team 9 section cc\gfxproject.cpp(2898): warning C4996: '_sleep': This function or variable has been superceded by newer library or operating system functionality. Consider using Sleep instead. See online help for details.
  c:\program files (x86)\windows kits\10\include\10.0.16299.0\ucrt\stdlib.h(1282): note: see declaration of '_sleep'
c:\users\m_hege\downloads\team8-gfx-project-anm-shadow-test\team8-gfx-project-anm-shadow-test\gfxproject team 9 section cc\gfxproject.cpp(2903): warning C4996: '_sleep': This function or variable has been superceded by newer library or operating system functionality. Consider using Sleep instead. See online help for details.
  c:\program files (x86)\windows kits\10\include\10.0.16299.0\ucrt\stdlib.h(1282): note: see declaration of '_sleep'
c:\users\m_hege\downloads\team8-gfx-project-anm-shadow-test\team8-gfx-project-anm-shadow-test\gfxproject team 9 section cc\gfxproject.cpp(2908): warning C4996: '_sleep': This function or variable has been superceded by newer library or operating system functionality. Consider using Sleep instead. See online help for details.
  c:\program files (x86)\windows kits\10\include\10.0.16299.0\ucrt\stdlib.h(1282): note: see declaration of '_sleep'
c:\users\m_hege\downloads\team8-gfx-project-anm-shadow-test\team8-gfx-project-anm-shadow-test\gfxproject team 9 section cc\gfxproject.cpp(2913): warning C4996: '_sleep': This function or variable has been superceded by newer library or operating system functionality. Consider using Sleep instead. See online help for details.
  c:\program files (x86)\windows kits\10\include\10.0.16299.0\ucrt\stdlib.h(1282): note: see declaration of '_sleep'
c:\users\m_hege\downloads\team8-gfx-project-anm-shadow-test\team8-gfx-project-anm-shadow-test\gfxproject team 9 section cc\gfxproject.cpp(2918): warning C4996: '_sleep': This function or variable has been superceded by newer library or operating system functionality. Consider using Sleep instead. See online help for details.
  c:\program files (x86)\windows kits\10\include\10.0.16299.0\ucrt\stdlib.h(1282): note: see declaration of '_sleep'
c:\users\m_hege\downloads\team8-gfx-project-anm-shadow-test\team8-gfx-project-anm-shadow-test\gfxproject team 9 section cc\gfxproject.cpp(95): warning C4244: 'argument': conversion from 'float' to 'GLint', possible loss of data
  c:\users\m_hege\downloads\team8-gfx-project-anm-shadow-test\team8-gfx-project-anm-shadow-test\gfxproject team 9 section cc\gfxproject.cpp(1795): note: see reference to function template instantiation 'void SetUniform1Value<float>(GLuint,const char *,T)' being compiled
          with
          [
              T=float
          ]
c:\users\m_hege\downloads\team8-gfx-project-anm-shadow-test\team8-gfx-project-anm-shadow-test\gfxproject team 9 section cc\gfxproject.cpp(271): warning C4172: returning address of local variable or temporary: vaos
c:\users\m_hege\downloads\team8-gfx-project-anm-shadow-test\team8-gfx-project-anm-shadow-test\gfxproject team 9 section cc\gfxproject.cpp(353): warning C4172: returning address of local variable or temporary: vaos
LINK : warning LNK4098: defaultlib 'LIBCMT' conflicts with use of other libs; use /NODEFAULTLIB:library
LINK : warning LNK4098: defaultlib 'MSVCRT' conflicts with use of other libs; use /NODEFAULTLIB:library
glew32s.lib(glew.obj) : warning LNK4099: PDB 'vc120.pdb' was not found with 'glew32s.lib(glew.obj)' or at 'C:\Users\m_hege\Downloads\Team8-GFX-Project-anm-shadow-test\Team8-GFX-Project-anm-shadow-test\Bin\vc120.pdb'; linking object as if no debug info
  gfx.vcxproj -> C:\Users\m_hege\Downloads\Team8-GFX-Project-anm-shadow-test\Team8-GFX-Project-anm-shadow-test\gfxProject Team 9 Section CC\/../Bin/gfxProjectA1Team9-Debug.exe
